{"numFailedTestSuites":0,"numFailedTests":0,"numPassedTestSuites":16,"numPassedTests":45,"numPendingTestSuites":0,"numPendingTests":0,"numRuntimeErrorTestSuites":0,"numTodoTests":0,"numTotalTestSuites":16,"numTotalTests":45,"openHandles":[],"snapshot":{"added":0,"didUpdate":false,"failure":false,"filesAdded":0,"filesRemoved":0,"filesRemovedList":[],"filesUnmatched":0,"filesUpdated":0,"matched":0,"total":0,"unchecked":0,"uncheckedKeysByFile":[],"unmatched":0,"updated":0},"startTime":1760879364405,"success":true,"testResults":[{"assertionResults":[{"ancestorTitles":["Admin endpoints"],"duration":47,"failing":false,"failureDetails":[],"failureMessages":[],"fullName":"Admin endpoints lists roles and permissions","invocations":1,"location":null,"numPassingAsserts":4,"retryReasons":[],"startAt":1760879371765,"status":"passed","title":"lists roles and permissions"},{"ancestorTitles":["Admin endpoints"],"duration":43,"failing":false,"failureDetails":[],"failureMessages":[],"fullName":"Admin endpoints upserts and deletes a role, auditing actions","invocations":1,"location":null,"numPassingAsserts":5,"retryReasons":[],"startAt":1760879371813,"status":"passed","title":"upserts and deletes a role, auditing actions"},{"ancestorTitles":["Admin endpoints"],"duration":57,"failing":false,"failureDetails":[],"failureMessages":[],"fullName":"Admin endpoints grants and revokes permissions to a role with audit logging","invocations":1,"location":null,"numPassingAsserts":7,"retryReasons":[],"startAt":1760879371857,"status":"passed","title":"grants and revokes permissions to a role with audit logging"},{"ancestorTitles":["Admin endpoints"],"duration":82,"failing":false,"failureDetails":[],"failureMessages":[],"fullName":"Admin endpoints assigns and revokes a role from a user with audit logging","invocations":1,"location":null,"numPassingAsserts":7,"retryReasons":[],"startAt":1760879371914,"status":"passed","title":"assigns and revokes a role from a user with audit logging"},{"ancestorTitles":["Admin endpoints"],"duration":30,"failing":false,"failureDetails":[],"failureMessages":[],"fullName":"Admin endpoints returns 404 for granting permission to non-existent role or permission","invocations":1,"location":null,"numPassingAsserts":2,"retryReasons":[],"startAt":1760879371997,"status":"passed","title":"returns 404 for granting permission to non-existent role or permission"},{"ancestorTitles":["Admin endpoints"],"duration":29,"failing":false,"failureDetails":[],"failureMessages":[],"fullName":"Admin endpoints returns 404 when deleting a non-existent role","invocations":1,"location":null,"numPassingAsserts":1,"retryReasons":[],"startAt":1760879372028,"status":"passed","title":"returns 404 when deleting a non-existent role"},{"ancestorTitles":["Admin endpoints"],"duration":75,"failing":false,"failureDetails":[],"failureMessages":[],"fullName":"Admin endpoints returns 400 for invalid payloads on upsert/grant/revoke/assign/revoke","invocations":1,"location":null,"numPassingAsserts":6,"retryReasons":[],"startAt":1760879372057,"status":"passed","title":"returns 400 for invalid payloads on upsert/grant/revoke/assign/revoke"}],"endTime":1760879372135,"message":"","name":"/Users/pheoniximac/FreeCodeCamp/build-consume-and-codument-a-rest-api/PetShelterRegistrySystem/backend/src/tests/admin.endpoints.test.ts","startTime":1760879364710,"status":"passed","summary":""},{"assertionResults":[{"ancestorTitles":["Auth rate limiting - IP throttle"],"duration":1200,"failing":false,"failureDetails":[],"failureMessages":[],"fullName":"Auth rate limiting - IP throttle throttles repeated login attempts by IP","invocations":1,"location":null,"numPassingAsserts":5,"retryReasons":[],"startAt":1760879372552,"status":"passed","title":"throttles repeated login attempts by IP"},{"ancestorTitles":["Auth rate limiting - per-user lockout"],"duration":1204,"failing":false,"failureDetails":[],"failureMessages":[],"fullName":"Auth rate limiting - per-user lockout locks out a specific email after repeated failures","invocations":1,"location":null,"numPassingAsserts":5,"retryReasons":[],"startAt":1760879373753,"status":"passed","title":"locks out a specific email after repeated failures"}],"endTime":1760879374957,"message":"","name":"/Users/pheoniximac/FreeCodeCamp/build-consume-and-codument-a-rest-api/PetShelterRegistrySystem/backend/src/tests/auth.rate-limit.test.ts","startTime":1760879372151,"status":"passed","summary":""},{"assertionResults":[{"ancestorTitles":["Auth lockout and password history"],"duration":274,"failing":false,"failureDetails":[],"failureMessages":[],"fullName":"Auth lockout and password history auto locks after threshold of failed attempts and unlocks after duration","invocations":1,"location":null,"numPassingAsserts":8,"retryReasons":[],"startAt":1760879375334,"status":"passed","title":"auto locks after threshold of failed attempts and unlocks after duration"},{"ancestorTitles":["Auth lockout and password history"],"duration":356,"failing":false,"failureDetails":[],"failureMessages":[],"fullName":"Auth lockout and password history manual lock/unlock via admin sends reset email token and revokes sessions","invocations":1,"location":null,"numPassingAsserts":7,"retryReasons":[],"startAt":1760879375608,"status":"passed","title":"manual lock/unlock via admin sends reset email token and revokes sessions"},{"ancestorTitles":["Auth lockout and password history"],"duration":152,"failing":false,"failureDetails":[],"failureMessages":[],"fullName":"Auth lockout and password history prevents reusing last 10 passwords","invocations":1,"location":null,"numPassingAsserts":6,"retryReasons":[],"startAt":1760879375965,"status":"passed","title":"prevents reusing last 10 passwords"}],"endTime":1760879376119,"message":"","name":"/Users/pheoniximac/FreeCodeCamp/build-consume-and-codument-a-rest-api/PetShelterRegistrySystem/backend/src/tests/auth.lockout-history.test.ts","startTime":1760879374963,"status":"passed","summary":""},{"assertionResults":[{"ancestorTitles":["CRUD routes smoke tests"],"duration":66,"failing":false,"failureDetails":[],"failureMessages":[],"fullName":"CRUD routes smoke tests creates a shelter, reads it, updates it and deletes it","invocations":1,"location":null,"numPassingAsserts":7,"retryReasons":[],"startAt":1760879376740,"status":"passed","title":"creates a shelter, reads it, updates it and deletes it"},{"ancestorTitles":["CRUD routes smoke tests"],"duration":60,"failing":false,"failureDetails":[],"failureMessages":[],"fullName":"CRUD routes smoke tests creates a location for a shelter and updates it","invocations":1,"location":null,"numPassingAsserts":6,"retryReasons":[],"startAt":1760879376806,"status":"passed","title":"creates a location for a shelter and updates it"},{"ancestorTitles":["CRUD routes smoke tests"],"duration":56,"failing":false,"failureDetails":[],"failureMessages":[],"fullName":"CRUD routes smoke tests creates an owner and updates then deletes","invocations":1,"location":null,"numPassingAsserts":6,"retryReasons":[],"startAt":1760879376866,"status":"passed","title":"creates an owner and updates then deletes"}],"endTime":1760879376925,"message":"","name":"/Users/pheoniximac/FreeCodeCamp/build-consume-and-codument-a-rest-api/PetShelterRegistrySystem/backend/src/tests/routes.crud.test.ts","startTime":1760879376140,"status":"passed","summary":""},{"assertionResults":[{"ancestorTitles":["More routes integration tests"],"duration":163,"failing":false,"failureDetails":[],"failureMessages":[],"fullName":"More routes integration tests creates a pet and performs related CRUD operations","invocations":1,"location":null,"numPassingAsserts":11,"retryReasons":[],"startAt":1760879377521,"status":"passed","title":"creates a pet and performs related CRUD operations"}],"endTime":1760879377686,"message":"","name":"/Users/pheoniximac/FreeCodeCamp/build-consume-and-codument-a-rest-api/PetShelterRegistrySystem/backend/src/tests/routes.more.test.ts","startTime":1760879376930,"status":"passed","summary":""},{"assertionResults":[{"ancestorTitles":["Email verification and password reset"],"duration":112,"failing":false,"failureDetails":[],"failureMessages":[],"fullName":"Email verification and password reset issues verification token and verifies email","invocations":1,"location":null,"numPassingAsserts":8,"retryReasons":[],"startAt":1760879378019,"status":"passed","title":"issues verification token and verifies email"},{"ancestorTitles":["Email verification and password reset"],"duration":251,"failing":false,"failureDetails":[],"failureMessages":[],"fullName":"Email verification and password reset requests password reset and resets password","invocations":1,"location":null,"numPassingAsserts":7,"retryReasons":[],"startAt":1760879378131,"status":"passed","title":"requests password reset and resets password"}],"endTime":1760879378383,"message":"","name":"/Users/pheoniximac/FreeCodeCamp/build-consume-and-codument-a-rest-api/PetShelterRegistrySystem/backend/src/tests/auth.verify-reset.test.ts","startTime":1760879377692,"status":"passed","summary":""},{"assertionResults":[{"ancestorTitles":["Admin Docs gating"],"duration":57,"failing":false,"failureDetails":[],"failureMessages":[],"fullName":"Admin Docs gating denies access to non-admin users (403)","invocations":1,"location":null,"numPassingAsserts":1,"retryReasons":[],"startAt":1760879378712,"status":"passed","title":"denies access to non-admin users (403)"},{"ancestorTitles":["Admin Docs gating"],"duration":226,"failing":false,"failureDetails":[],"failureMessages":[],"fullName":"Admin Docs gating allows system_admin to access admin docs JSON","invocations":1,"location":null,"numPassingAsserts":3,"retryReasons":[],"startAt":1760879378769,"status":"passed","title":"allows system_admin to access admin docs JSON"}],"endTime":1760879378997,"message":"","name":"/Users/pheoniximac/FreeCodeCamp/build-consume-and-codument-a-rest-api/PetShelterRegistrySystem/backend/src/tests/admin.docs.test.ts","startTime":1760879378390,"status":"passed","summary":""},{"assertionResults":[{"ancestorTitles":["Auth Phase 1"],"duration":11,"failing":false,"failureDetails":[],"failureMessages":[],"fullName":"Auth Phase 1 issues CSRF token","invocations":1,"location":null,"numPassingAsserts":3,"retryReasons":[],"startAt":1760879379334,"status":"passed","title":"issues CSRF token"},{"ancestorTitles":["Auth Phase 1"],"duration":42,"failing":false,"failureDetails":[],"failureMessages":[],"fullName":"Auth Phase 1 registers a new user and sets cookies","invocations":1,"location":null,"numPassingAsserts":4,"retryReasons":[],"startAt":1760879379346,"status":"passed","title":"registers a new user and sets cookies"},{"ancestorTitles":["Auth Phase 1"],"duration":200,"failing":false,"failureDetails":[],"failureMessages":[],"fullName":"Auth Phase 1 logs in an existing user and sets cookies","invocations":1,"location":null,"numPassingAsserts":3,"retryReasons":[],"startAt":1760879379388,"status":"passed","title":"logs in an existing user and sets cookies"}],"endTime":1760879379589,"message":"","name":"/Users/pheoniximac/FreeCodeCamp/build-consume-and-codument-a-rest-api/PetShelterRegistrySystem/backend/src/tests/auth.test.ts","startTime":1760879379003,"status":"passed","summary":""},{"assertionResults":[{"ancestorTitles":["Auth Session: refresh and logout"],"duration":73,"failing":false,"failureDetails":[],"failureMessages":[],"fullName":"Auth Session: refresh and logout refresh rotates refresh token and issues new access token","invocations":1,"location":null,"numPassingAsserts":8,"retryReasons":[],"startAt":1760879379922,"status":"passed","title":"refresh rotates refresh token and issues new access token"},{"ancestorTitles":["Auth Session: refresh and logout"],"duration":52,"failing":false,"failureDetails":[],"failureMessages":[],"fullName":"Auth Session: refresh and logout logout clears cookies and revokes token","invocations":1,"location":null,"numPassingAsserts":5,"retryReasons":[],"startAt":1760879379996,"status":"passed","title":"logout clears cookies and revokes token"}],"endTime":1760879380049,"message":"","name":"/Users/pheoniximac/FreeCodeCamp/build-consume-and-codument-a-rest-api/PetShelterRegistrySystem/backend/src/tests/auth.session.test.ts","startTime":1760879379595,"status":"passed","summary":""},{"assertionResults":[{"ancestorTitles":["OAuth flows (google/github)"],"duration":47,"failing":false,"failureDetails":[],"failureMessages":[],"fullName":"OAuth flows (google/github) google: start -> callback issues cookies and redirects success","invocations":1,"location":null,"numPassingAsserts":6,"retryReasons":[],"startAt":1760879380382,"status":"passed","title":"google: start -> callback issues cookies and redirects success"},{"ancestorTitles":["OAuth flows (google/github)"],"duration":32,"failing":false,"failureDetails":[],"failureMessages":[],"fullName":"OAuth flows (google/github) github: start -> callback issues cookies and redirects success","invocations":1,"location":null,"numPassingAsserts":6,"retryReasons":[],"startAt":1760879380430,"status":"passed","title":"github: start -> callback issues cookies and redirects success"}],"endTime":1760879380463,"message":"","name":"/Users/pheoniximac/FreeCodeCamp/build-consume-and-codument-a-rest-api/PetShelterRegistrySystem/backend/src/tests/auth.oauth.test.ts","startTime":1760879380057,"status":"passed","summary":""},{"assertionResults":[{"ancestorTitles":["pets"],"duration":13,"failing":false,"failureDetails":[],"failureMessages":[],"fullName":"pets GET /pets returns 200","invocations":1,"location":null,"numPassingAsserts":1,"retryReasons":[],"startAt":1760879380765,"status":"passed","title":"GET /pets returns 200"}],"endTime":1760879380779,"message":"","name":"/Users/pheoniximac/FreeCodeCamp/build-consume-and-codument-a-rest-api/PetShelterRegistrySystem/backend/src/tests/pets.test.ts","startTime":1760879380468,"status":"passed","summary":""},{"assertionResults":[{"ancestorTitles":["AuthService (unit)"],"duration":2,"failing":false,"failureDetails":[],"failureMessages":[],"fullName":"AuthService (unit) create and find refresh token","invocations":1,"location":null,"numPassingAsserts":2,"retryReasons":[],"startAt":1760879380946,"status":"passed","title":"create and find refresh token"},{"ancestorTitles":["AuthService (unit)"],"duration":2,"failing":false,"failureDetails":[],"failureMessages":[],"fullName":"AuthService (unit) create and find verification token","invocations":1,"location":null,"numPassingAsserts":2,"retryReasons":[],"startAt":1760879380948,"status":"passed","title":"create and find verification token"},{"ancestorTitles":["AuthService (unit)"],"duration":2,"failing":false,"failureDetails":[],"failureMessages":[],"fullName":"AuthService (unit) consuming an already consumed verification token should update consumedAt","invocations":1,"location":null,"numPassingAsserts":3,"retryReasons":[],"startAt":1760879380950,"status":"passed","title":"consuming an already consumed verification token should update consumedAt"},{"ancestorTitles":["AuthService (unit)"],"duration":2,"failing":false,"failureDetails":[],"failureMessages":[],"fullName":"AuthService (unit) expired refresh token should still be found but indicate expiry via expiresAt","invocations":1,"location":null,"numPassingAsserts":2,"retryReasons":[],"startAt":1760879380952,"status":"passed","title":"expired refresh token should still be found but indicate expiry via expiresAt"},{"ancestorTitles":["AuthService (unit)"],"duration":1,"failing":false,"failureDetails":[],"failureMessages":[],"fullName":"AuthService (unit) revoking a refresh token sets revokedAt","invocations":1,"location":null,"numPassingAsserts":2,"retryReasons":[],"startAt":1760879380954,"status":"passed","title":"revoking a refresh token sets revokedAt"},{"ancestorTitles":["AuthService (unit)"],"duration":1,"failing":false,"failureDetails":[],"failureMessages":[],"fullName":"AuthService (unit) oauth account linking creates account when none exists","invocations":1,"location":null,"numPassingAsserts":2,"retryReasons":[],"startAt":1760879380955,"status":"passed","title":"oauth account linking creates account when none exists"}],"endTime":1760879380957,"message":"","name":"/Users/pheoniximac/FreeCodeCamp/build-consume-and-codument-a-rest-api/PetShelterRegistrySystem/backend/src/tests/auth.service.test.ts","startTime":1760879380789,"status":"passed","summary":""},{"assertionResults":[{"ancestorTitles":["UserService"],"duration":2,"failing":false,"failureDetails":[],"failureMessages":[],"fullName":"UserService searchUsers returns shaped data","invocations":1,"location":null,"numPassingAsserts":3,"retryReasons":[],"startAt":1760879381198,"status":"passed","title":"searchUsers returns shaped data"},{"ancestorTitles":["UserService"],"duration":1,"failing":false,"failureDetails":[],"failureMessages":[],"fullName":"UserService getUser returns null when not found","invocations":1,"location":null,"numPassingAsserts":1,"retryReasons":[],"startAt":1760879381201,"status":"passed","title":"getUser returns null when not found"},{"ancestorTitles":["UserService"],"duration":1,"failing":false,"failureDetails":[],"failureMessages":[],"fullName":"UserService assignRole and revokeRole behave as expected","invocations":1,"location":null,"numPassingAsserts":2,"retryReasons":[],"startAt":1760879381202,"status":"passed","title":"assignRole and revokeRole behave as expected"},{"ancestorTitles":["UserService"],"duration":1,"failing":false,"failureDetails":[],"failureMessages":[],"fullName":"UserService lockUser and unlockUser work","invocations":1,"location":null,"numPassingAsserts":2,"retryReasons":[],"startAt":1760879381204,"status":"passed","title":"lockUser and unlockUser work"}],"endTime":1760879381205,"message":"","name":"/Users/pheoniximac/FreeCodeCamp/build-consume-and-codument-a-rest-api/PetShelterRegistrySystem/backend/src/tests/user.service.test.ts","startTime":1760879380963,"status":"passed","summary":""},{"assertionResults":[{"ancestorTitles":["RoleService"],"duration":2,"failing":false,"failureDetails":[],"failureMessages":[],"fullName":"RoleService listRoles","invocations":1,"location":null,"numPassingAsserts":2,"retryReasons":[],"startAt":1760879381240,"status":"passed","title":"listRoles"},{"ancestorTitles":["RoleService"],"duration":1,"failing":false,"failureDetails":[],"failureMessages":[],"fullName":"RoleService upsertRole and delete","invocations":1,"location":null,"numPassingAsserts":2,"retryReasons":[],"startAt":1760879381243,"status":"passed","title":"upsertRole and delete"},{"ancestorTitles":["RoleService"],"duration":2,"failing":false,"failureDetails":[],"failureMessages":[],"fullName":"RoleService permissions flow","invocations":1,"location":null,"numPassingAsserts":4,"retryReasons":[],"startAt":1760879381244,"status":"passed","title":"permissions flow"}],"endTime":1760879381247,"message":"","name":"/Users/pheoniximac/FreeCodeCamp/build-consume-and-codument-a-rest-api/PetShelterRegistrySystem/backend/src/tests/role.service.test.ts","startTime":1760879381215,"status":"passed","summary":""},{"assertionResults":[{"ancestorTitles":["PetService (unit)"],"duration":5,"failing":false,"failureDetails":[],"failureMessages":[],"fullName":"PetService (unit) list returns array","invocations":1,"location":null,"numPassingAsserts":2,"retryReasons":[],"startAt":1760879381388,"status":"passed","title":"list returns array"},{"ancestorTitles":["PetService (unit)"],"duration":1,"failing":false,"failureDetails":[],"failureMessages":[],"fullName":"PetService (unit) create/get/update/delete flow","invocations":1,"location":null,"numPassingAsserts":5,"retryReasons":[],"startAt":1760879381394,"status":"passed","title":"create/get/update/delete flow"}],"endTime":1760879381396,"message":"","name":"/Users/pheoniximac/FreeCodeCamp/build-consume-and-codument-a-rest-api/PetShelterRegistrySystem/backend/src/tests/pet.service.test.ts","startTime":1760879381252,"status":"passed","summary":""},{"assertionResults":[{"ancestorTitles":["AuthService edge cases"],"duration":2,"failing":false,"failureDetails":[],"failureMessages":[],"fullName":"AuthService edge cases consumeVerificationToken sets consumedAt","invocations":1,"location":null,"numPassingAsserts":3,"retryReasons":[],"startAt":1760879381562,"status":"passed","title":"consumeVerificationToken sets consumedAt"},{"ancestorTitles":["AuthService edge cases"],"duration":2,"failing":false,"failureDetails":[],"failureMessages":[],"fullName":"AuthService edge cases revokeRefreshToken updates revokedAt and revokeAll updates multiple","invocations":1,"location":null,"numPassingAsserts":3,"retryReasons":[],"startAt":1760879381564,"status":"passed","title":"revokeRefreshToken updates revokedAt and revokeAll updates multiple"}],"endTime":1760879381567,"message":"","name":"/Users/pheoniximac/FreeCodeCamp/build-consume-and-codument-a-rest-api/PetShelterRegistrySystem/backend/src/tests/auth.service.edge.test.ts","startTime":1760879381402,"status":"passed","summary":""}],"wasInterrupted":false}
