{"numFailedTestSuites":2,"numFailedTests":3,"numPassedTestSuites":14,"numPassedTests":42,"numPendingTestSuites":0,"numPendingTests":0,"numRuntimeErrorTestSuites":0,"numTodoTests":0,"numTotalTestSuites":16,"numTotalTests":45,"openHandles":[],"snapshot":{"added":0,"didUpdate":false,"failure":false,"filesAdded":0,"filesRemoved":0,"filesRemovedList":[],"filesUnmatched":0,"filesUpdated":0,"matched":0,"total":0,"unchecked":0,"uncheckedKeysByFile":[],"unmatched":0,"updated":0},"startTime":1760788686109,"success":false,"testResults":[{"assertionResults":[{"ancestorTitles":["Email verification and password reset"],"duration":245,"failing":false,"failureDetails":[],"failureMessages":[],"fullName":"Email verification and password reset issues verification token and verifies email","invocations":1,"location":null,"numPassingAsserts":8,"retryReasons":[],"startAt":1760788691143,"status":"passed","title":"issues verification token and verifies email"},{"ancestorTitles":["Email verification and password reset"],"duration":424,"failing":false,"failureDetails":[],"failureMessages":[],"fullName":"Email verification and password reset requests password reset and resets password","invocations":1,"location":null,"numPassingAsserts":7,"retryReasons":[],"startAt":1760788691389,"status":"passed","title":"requests password reset and resets password"}],"endTime":1760788691814,"message":"","name":"/Users/pheoniximac/FreeCodeCamp/build-consume-and-codument-a-rest-api/PetShelterRegistrySystem/backend/src/tests/auth.verify-reset.test.ts","startTime":1760788686409,"status":"passed","summary":""},{"assertionResults":[{"ancestorTitles":["Auth rate limiting - IP throttle"],"duration":201,"failing":false,"failureDetails":[{"matcherResult":{"actual":401,"expected":429,"message":"\u001b[2mexpect(\u001b[22m\u001b[31mreceived\u001b[39m\u001b[2m).\u001b[22mtoBe\u001b[2m(\u001b[22m\u001b[32mexpected\u001b[39m\u001b[2m) // Object.is equality\u001b[22m\n\nExpected: \u001b[32m429\u001b[39m\nReceived: \u001b[31m401\u001b[39m","name":"toBe","pass":false}}],"failureMessages":["Error: \u001b[2mexpect(\u001b[22m\u001b[31mreceived\u001b[39m\u001b[2m).\u001b[22mtoBe\u001b[2m(\u001b[22m\u001b[32mexpected\u001b[39m\u001b[2m) // Object.is equality\u001b[22m\n\nExpected: \u001b[32m429\u001b[39m\nReceived: \u001b[31m401\u001b[39m\n    at Object.<anonymous> (/Users/pheoniximac/FreeCodeCamp/build-consume-and-codument-a-rest-api/PetShelterRegistrySystem/backend/src/tests/auth.rate-limit.test.ts:38:23)\n    at processTicksAndRejections (node:internal/process/task_queues:105:5)"],"fullName":"Auth rate limiting - IP throttle throttles repeated login attempts by IP","invocations":1,"location":null,"numPassingAsserts":2,"retryReasons":[],"startAt":1760788692196,"status":"failed","title":"throttles repeated login attempts by IP"},{"ancestorTitles":["Auth rate limiting - per-user lockout"],"duration":79,"failing":false,"failureDetails":[{"matcherResult":{"actual":401,"expected":429,"message":"\u001b[2mexpect(\u001b[22m\u001b[31mreceived\u001b[39m\u001b[2m).\u001b[22mtoBe\u001b[2m(\u001b[22m\u001b[32mexpected\u001b[39m\u001b[2m) // Object.is equality\u001b[22m\n\nExpected: \u001b[32m429\u001b[39m\nReceived: \u001b[31m401\u001b[39m","name":"toBe","pass":false}}],"failureMessages":["Error: \u001b[2mexpect(\u001b[22m\u001b[31mreceived\u001b[39m\u001b[2m).\u001b[22mtoBe\u001b[2m(\u001b[22m\u001b[32mexpected\u001b[39m\u001b[2m) // Object.is equality\u001b[22m\n\nExpected: \u001b[32m429\u001b[39m\nReceived: \u001b[31m401\u001b[39m\n    at Object.<anonymous> (/Users/pheoniximac/FreeCodeCamp/build-consume-and-codument-a-rest-api/PetShelterRegistrySystem/backend/src/tests/auth.rate-limit.test.ts:78:23)\n    at processTicksAndRejections (node:internal/process/task_queues:105:5)"],"fullName":"Auth rate limiting - per-user lockout locks out a specific email after repeated failures","invocations":1,"location":null,"numPassingAsserts":2,"retryReasons":[],"startAt":1760788692399,"status":"failed","title":"locks out a specific email after repeated failures"}],"endTime":1760788692499,"message":"\u001b[1m\u001b[31m  \u001b[1m● \u001b[22m\u001b[1mAuth rate limiting - IP throttle › throttles repeated login attempts by IP\u001b[39m\u001b[22m\n\n    \u001b[2mexpect(\u001b[22m\u001b[31mreceived\u001b[39m\u001b[2m).\u001b[22mtoBe\u001b[2m(\u001b[22m\u001b[32mexpected\u001b[39m\u001b[2m) // Object.is equality\u001b[22m\n\n    Expected: \u001b[32m429\u001b[39m\n    Received: \u001b[31m401\u001b[39m\n\u001b[2m\u001b[22m\n\u001b[2m    \u001b[0m \u001b[90m 36 |\u001b[39m     expect([\u001b[35m400\u001b[39m\u001b[33m,\u001b[39m \u001b[35m401\u001b[39m\u001b[33m,\u001b[39m \u001b[35m403\u001b[39m\u001b[33m,\u001b[39m \u001b[35m429\u001b[39m\u001b[33m,\u001b[39m \u001b[35m500\u001b[39m])\u001b[33m.\u001b[39mtoContain(a2\u001b[33m.\u001b[39mstatus)\u001b[33m;\u001b[39m\u001b[22m\n\u001b[2m     \u001b[90m 37 |\u001b[39m     \u001b[36mconst\u001b[39m a3 \u001b[33m=\u001b[39m \u001b[36mawait\u001b[39m attempt()\u001b[33m;\u001b[39m\u001b[22m\n\u001b[2m    \u001b[31m\u001b[1m>\u001b[22m\u001b[2m\u001b[39m\u001b[90m 38 |\u001b[39m     expect(a3\u001b[33m.\u001b[39mstatus)\u001b[33m.\u001b[39mtoBe(\u001b[35m429\u001b[39m)\u001b[33m;\u001b[39m\u001b[22m\n\u001b[2m     \u001b[90m    |\u001b[39m                       \u001b[31m\u001b[1m^\u001b[22m\u001b[2m\u001b[39m\u001b[22m\n\u001b[2m     \u001b[90m 39 |\u001b[39m     expect(a3\u001b[33m.\u001b[39mbody\u001b[33m.\u001b[39merror)\u001b[33m.\u001b[39mtoMatch(\u001b[35m/too many/i\u001b[39m)\u001b[33m;\u001b[39m\u001b[22m\n\u001b[2m     \u001b[90m 40 |\u001b[39m\u001b[22m\n\u001b[2m     \u001b[90m 41 |\u001b[39m     \u001b[90m// After the short window, attempts should be allowed again\u001b[39m\u001b[0m\u001b[22m\n\u001b[2m\u001b[22m\n\u001b[2m      \u001b[2mat Object.<anonymous> (\u001b[22m\u001b[2m\u001b[0m\u001b[36msrc/tests/auth.rate-limit.test.ts\u001b[39m\u001b[0m\u001b[2m:38:23)\u001b[22m\u001b[2m\u001b[22m\n\n\u001b[1m\u001b[31m  \u001b[1m● \u001b[22m\u001b[1mAuth rate limiting - per-user lockout › locks out a specific email after repeated failures\u001b[39m\u001b[22m\n\n    \u001b[2mexpect(\u001b[22m\u001b[31mreceived\u001b[39m\u001b[2m).\u001b[22mtoBe\u001b[2m(\u001b[22m\u001b[32mexpected\u001b[39m\u001b[2m) // Object.is equality\u001b[22m\n\n    Expected: \u001b[32m429\u001b[39m\n    Received: \u001b[31m401\u001b[39m\n\u001b[2m\u001b[22m\n\u001b[2m    \u001b[0m \u001b[90m 76 |\u001b[39m     expect([\u001b[35m400\u001b[39m\u001b[33m,\u001b[39m \u001b[35m401\u001b[39m\u001b[33m,\u001b[39m \u001b[35m403\u001b[39m])\u001b[33m.\u001b[39mtoContain(a2\u001b[33m.\u001b[39mstatus)\u001b[33m;\u001b[39m\u001b[22m\n\u001b[2m     \u001b[90m 77 |\u001b[39m     \u001b[36mconst\u001b[39m a3 \u001b[33m=\u001b[39m \u001b[36mawait\u001b[39m attempt()\u001b[33m;\u001b[39m\u001b[22m\n\u001b[2m    \u001b[31m\u001b[1m>\u001b[22m\u001b[2m\u001b[39m\u001b[90m 78 |\u001b[39m     expect(a3\u001b[33m.\u001b[39mstatus)\u001b[33m.\u001b[39mtoBe(\u001b[35m429\u001b[39m)\u001b[33m;\u001b[39m\u001b[22m\n\u001b[2m     \u001b[90m    |\u001b[39m                       \u001b[31m\u001b[1m^\u001b[22m\u001b[2m\u001b[39m\u001b[22m\n\u001b[2m     \u001b[90m 79 |\u001b[39m     expect(\u001b[33mString\u001b[39m(a3\u001b[33m.\u001b[39mbody\u001b[33m.\u001b[39merror \u001b[33m||\u001b[39m \u001b[32m''\u001b[39m))\u001b[33m.\u001b[39mtoMatch(\u001b[35m/locked/i\u001b[39m)\u001b[33m;\u001b[39m\u001b[22m\n\u001b[2m     \u001b[90m 80 |\u001b[39m\u001b[22m\n\u001b[2m     \u001b[90m 81 |\u001b[39m     \u001b[90m// After window resets, should go back to normal failure (401/403)\u001b[39m\u001b[0m\u001b[22m\n\u001b[2m\u001b[22m\n\u001b[2m      \u001b[2mat Object.<anonymous> (\u001b[22m\u001b[2m\u001b[0m\u001b[36msrc/tests/auth.rate-limit.test.ts\u001b[39m\u001b[0m\u001b[2m:78:23)\u001b[22m\u001b[2m\u001b[22m\n","name":"/Users/pheoniximac/FreeCodeCamp/build-consume-and-codument-a-rest-api/PetShelterRegistrySystem/backend/src/tests/auth.rate-limit.test.ts","startTime":1760788691830,"status":"failed","summary":""},{"assertionResults":[{"ancestorTitles":["Auth lockout and password history"],"duration":270,"failing":false,"failureDetails":[{"matcherResult":{"actual":200,"expected":429,"message":"\u001b[2mexpect(\u001b[22m\u001b[31mreceived\u001b[39m\u001b[2m).\u001b[22mtoBe\u001b[2m(\u001b[22m\u001b[32mexpected\u001b[39m\u001b[2m) // Object.is equality\u001b[22m\n\nExpected: \u001b[32m429\u001b[39m\nReceived: \u001b[31m200\u001b[39m","name":"toBe","pass":false}}],"failureMessages":["Error: \u001b[2mexpect(\u001b[22m\u001b[31mreceived\u001b[39m\u001b[2m).\u001b[22mtoBe\u001b[2m(\u001b[22m\u001b[32mexpected\u001b[39m\u001b[2m) // Object.is equality\u001b[22m\n\nExpected: \u001b[32m429\u001b[39m\nReceived: \u001b[31m200\u001b[39m\n    at Object.<anonymous> (/Users/pheoniximac/FreeCodeCamp/build-consume-and-codument-a-rest-api/PetShelterRegistrySystem/backend/src/tests/auth.lockout-history.test.ts:57:27)\n    at processTicksAndRejections (node:internal/process/task_queues:105:5)"],"fullName":"Auth lockout and password history auto locks after threshold of failed attempts and unlocks after duration","invocations":1,"location":null,"numPassingAsserts":7,"retryReasons":[],"startAt":1760788692911,"status":"failed","title":"auto locks after threshold of failed attempts and unlocks after duration"},{"ancestorTitles":["Auth lockout and password history"],"duration":236,"failing":false,"failureDetails":[],"failureMessages":[],"fullName":"Auth lockout and password history manual lock/unlock via admin sends reset email token and revokes sessions","invocations":1,"location":null,"numPassingAsserts":7,"retryReasons":[],"startAt":1760788693181,"status":"passed","title":"manual lock/unlock via admin sends reset email token and revokes sessions"},{"ancestorTitles":["Auth lockout and password history"],"duration":198,"failing":false,"failureDetails":[],"failureMessages":[],"fullName":"Auth lockout and password history prevents reusing last 10 passwords","invocations":1,"location":null,"numPassingAsserts":6,"retryReasons":[],"startAt":1760788693418,"status":"passed","title":"prevents reusing last 10 passwords"}],"endTime":1760788693621,"message":"\u001b[1m\u001b[31m  \u001b[1m● \u001b[22m\u001b[1mAuth lockout and password history › auto locks after threshold of failed attempts and unlocks after duration\u001b[39m\u001b[22m\n\n    \u001b[2mexpect(\u001b[22m\u001b[31mreceived\u001b[39m\u001b[2m).\u001b[22mtoBe\u001b[2m(\u001b[22m\u001b[32mexpected\u001b[39m\u001b[2m) // Object.is equality\u001b[22m\n\n    Expected: \u001b[32m429\u001b[39m\n    Received: \u001b[31m200\u001b[39m\n\u001b[2m\u001b[22m\n\u001b[2m    \u001b[0m \u001b[90m 55 |\u001b[39m     \u001b[36mconst\u001b[39m { token\u001b[33m:\u001b[39m t6\u001b[33m,\u001b[39m cookie\u001b[33m:\u001b[39m c6 } \u001b[33m=\u001b[39m \u001b[36mawait\u001b[39m getCsrf(agent)\u001b[33m;\u001b[39m\u001b[22m\n\u001b[2m     \u001b[90m 56 |\u001b[39m     \u001b[36mconst\u001b[39m locked \u001b[33m=\u001b[39m \u001b[36mawait\u001b[39m agent\u001b[33m.\u001b[39mpost(\u001b[32m'/auth/login'\u001b[39m)\u001b[33m.\u001b[39m\u001b[36mset\u001b[39m(\u001b[32m'x-csrf-token'\u001b[39m\u001b[33m,\u001b[39m t6)\u001b[33m.\u001b[39m\u001b[36mset\u001b[39m(\u001b[32m'Cookie'\u001b[39m\u001b[33m,\u001b[39m c6)\u001b[33m.\u001b[39msend({ email\u001b[33m,\u001b[39m password })\u001b[33m;\u001b[39m\u001b[22m\n\u001b[2m    \u001b[31m\u001b[1m>\u001b[22m\u001b[2m\u001b[39m\u001b[90m 57 |\u001b[39m     expect(locked\u001b[33m.\u001b[39mstatus)\u001b[33m.\u001b[39mtoBe(\u001b[35m429\u001b[39m)\u001b[33m;\u001b[39m\u001b[22m\n\u001b[2m     \u001b[90m    |\u001b[39m                           \u001b[31m\u001b[1m^\u001b[22m\u001b[2m\u001b[39m\u001b[22m\n\u001b[2m     \u001b[90m 58 |\u001b[39m   })\u001b[33m;\u001b[39m\u001b[22m\n\u001b[2m     \u001b[90m 59 |\u001b[39m\u001b[22m\n\u001b[2m     \u001b[90m 60 |\u001b[39m   it(\u001b[32m'manual lock/unlock via admin sends reset email token and revokes sessions'\u001b[39m\u001b[33m,\u001b[39m \u001b[36masync\u001b[39m () \u001b[33m=>\u001b[39m {\u001b[0m\u001b[22m\n\u001b[2m\u001b[22m\n\u001b[2m      \u001b[2mat Object.<anonymous> (\u001b[22m\u001b[2m\u001b[0m\u001b[36msrc/tests/auth.lockout-history.test.ts\u001b[39m\u001b[0m\u001b[2m:57:27)\u001b[22m\u001b[2m\u001b[22m\n","name":"/Users/pheoniximac/FreeCodeCamp/build-consume-and-codument-a-rest-api/PetShelterRegistrySystem/backend/src/tests/auth.lockout-history.test.ts","startTime":1760788692507,"status":"failed","summary":""},{"assertionResults":[{"ancestorTitles":["Admin endpoints"],"duration":36,"failing":false,"failureDetails":[],"failureMessages":[],"fullName":"Admin endpoints lists roles and permissions","invocations":1,"location":null,"numPassingAsserts":4,"retryReasons":[],"startAt":1760788694136,"status":"passed","title":"lists roles and permissions"},{"ancestorTitles":["Admin endpoints"],"duration":47,"failing":false,"failureDetails":[],"failureMessages":[],"fullName":"Admin endpoints upserts and deletes a role, auditing actions","invocations":1,"location":null,"numPassingAsserts":5,"retryReasons":[],"startAt":1760788694172,"status":"passed","title":"upserts and deletes a role, auditing actions"},{"ancestorTitles":["Admin endpoints"],"duration":55,"failing":false,"failureDetails":[],"failureMessages":[],"fullName":"Admin endpoints grants and revokes permissions to a role with audit logging","invocations":1,"location":null,"numPassingAsserts":7,"retryReasons":[],"startAt":1760788694219,"status":"passed","title":"grants and revokes permissions to a role with audit logging"},{"ancestorTitles":["Admin endpoints"],"duration":87,"failing":false,"failureDetails":[],"failureMessages":[],"fullName":"Admin endpoints assigns and revokes a role from a user with audit logging","invocations":1,"location":null,"numPassingAsserts":7,"retryReasons":[],"startAt":1760788694275,"status":"passed","title":"assigns and revokes a role from a user with audit logging"},{"ancestorTitles":["Admin endpoints"],"duration":29,"failing":false,"failureDetails":[],"failureMessages":[],"fullName":"Admin endpoints returns 404 for granting permission to non-existent role or permission","invocations":1,"location":null,"numPassingAsserts":2,"retryReasons":[],"startAt":1760788694362,"status":"passed","title":"returns 404 for granting permission to non-existent role or permission"},{"ancestorTitles":["Admin endpoints"],"duration":133,"failing":false,"failureDetails":[],"failureMessages":[],"fullName":"Admin endpoints returns 404 when deleting a non-existent role","invocations":1,"location":null,"numPassingAsserts":1,"retryReasons":[],"startAt":1760788694391,"status":"passed","title":"returns 404 when deleting a non-existent role"},{"ancestorTitles":["Admin endpoints"],"duration":99,"failing":false,"failureDetails":[],"failureMessages":[],"fullName":"Admin endpoints returns 400 for invalid payloads on upsert/grant/revoke/assign/revoke","invocations":1,"location":null,"numPassingAsserts":6,"retryReasons":[],"startAt":1760788694524,"status":"passed","title":"returns 400 for invalid payloads on upsert/grant/revoke/assign/revoke"}],"endTime":1760788694628,"message":"","name":"/Users/pheoniximac/FreeCodeCamp/build-consume-and-codument-a-rest-api/PetShelterRegistrySystem/backend/src/tests/admin.endpoints.test.ts","startTime":1760788693627,"status":"passed","summary":""},{"assertionResults":[{"ancestorTitles":["CRUD routes smoke tests"],"duration":72,"failing":false,"failureDetails":[],"failureMessages":[],"fullName":"CRUD routes smoke tests creates a shelter, reads it, updates it and deletes it","invocations":1,"location":null,"numPassingAsserts":7,"retryReasons":[],"startAt":1760788695134,"status":"passed","title":"creates a shelter, reads it, updates it and deletes it"},{"ancestorTitles":["CRUD routes smoke tests"],"duration":72,"failing":false,"failureDetails":[],"failureMessages":[],"fullName":"CRUD routes smoke tests creates a location for a shelter and updates it","invocations":1,"location":null,"numPassingAsserts":6,"retryReasons":[],"startAt":1760788695206,"status":"passed","title":"creates a location for a shelter and updates it"},{"ancestorTitles":["CRUD routes smoke tests"],"duration":79,"failing":false,"failureDetails":[],"failureMessages":[],"fullName":"CRUD routes smoke tests creates an owner and updates then deletes","invocations":1,"location":null,"numPassingAsserts":6,"retryReasons":[],"startAt":1760788695278,"status":"passed","title":"creates an owner and updates then deletes"}],"endTime":1760788695362,"message":"","name":"/Users/pheoniximac/FreeCodeCamp/build-consume-and-codument-a-rest-api/PetShelterRegistrySystem/backend/src/tests/routes.crud.test.ts","startTime":1760788694634,"status":"passed","summary":""},{"assertionResults":[{"ancestorTitles":["More routes integration tests"],"duration":186,"failing":false,"failureDetails":[],"failureMessages":[],"fullName":"More routes integration tests creates a pet and performs related CRUD operations","invocations":1,"location":null,"numPassingAsserts":11,"retryReasons":[],"startAt":1760788695853,"status":"passed","title":"creates a pet and performs related CRUD operations"}],"endTime":1760788696041,"message":"","name":"/Users/pheoniximac/FreeCodeCamp/build-consume-and-codument-a-rest-api/PetShelterRegistrySystem/backend/src/tests/routes.more.test.ts","startTime":1760788695369,"status":"passed","summary":""},{"assertionResults":[{"ancestorTitles":["Auth Phase 1"],"duration":14,"failing":false,"failureDetails":[],"failureMessages":[],"fullName":"Auth Phase 1 issues CSRF token","invocations":1,"location":null,"numPassingAsserts":3,"retryReasons":[],"startAt":1760788696379,"status":"passed","title":"issues CSRF token"},{"ancestorTitles":["Auth Phase 1"],"duration":50,"failing":false,"failureDetails":[],"failureMessages":[],"fullName":"Auth Phase 1 registers a new user and sets cookies","invocations":1,"location":null,"numPassingAsserts":4,"retryReasons":[],"startAt":1760788696393,"status":"passed","title":"registers a new user and sets cookies"},{"ancestorTitles":["Auth Phase 1"],"duration":41,"failing":false,"failureDetails":[],"failureMessages":[],"fullName":"Auth Phase 1 logs in an existing user and sets cookies","invocations":1,"location":null,"numPassingAsserts":3,"retryReasons":[],"startAt":1760788696443,"status":"passed","title":"logs in an existing user and sets cookies"}],"endTime":1760788696485,"message":"","name":"/Users/pheoniximac/FreeCodeCamp/build-consume-and-codument-a-rest-api/PetShelterRegistrySystem/backend/src/tests/auth.test.ts","startTime":1760788696048,"status":"passed","summary":""},{"assertionResults":[{"ancestorTitles":["Admin Docs gating"],"duration":51,"failing":false,"failureDetails":[],"failureMessages":[],"fullName":"Admin Docs gating denies access to non-admin users (403)","invocations":1,"location":null,"numPassingAsserts":1,"retryReasons":[],"startAt":1760788696824,"status":"passed","title":"denies access to non-admin users (403)"},{"ancestorTitles":["Admin Docs gating"],"duration":118,"failing":false,"failureDetails":[],"failureMessages":[],"fullName":"Admin Docs gating allows system_admin to access admin docs JSON","invocations":1,"location":null,"numPassingAsserts":3,"retryReasons":[],"startAt":1760788696875,"status":"passed","title":"allows system_admin to access admin docs JSON"}],"endTime":1760788696996,"message":"","name":"/Users/pheoniximac/FreeCodeCamp/build-consume-and-codument-a-rest-api/PetShelterRegistrySystem/backend/src/tests/admin.docs.test.ts","startTime":1760788696490,"status":"passed","summary":""},{"assertionResults":[{"ancestorTitles":["OAuth flows (google/github)"],"duration":44,"failing":false,"failureDetails":[],"failureMessages":[],"fullName":"OAuth flows (google/github) google: start -> callback issues cookies and redirects success","invocations":1,"location":null,"numPassingAsserts":6,"retryReasons":[],"startAt":1760788697334,"status":"passed","title":"google: start -> callback issues cookies and redirects success"},{"ancestorTitles":["OAuth flows (google/github)"],"duration":29,"failing":false,"failureDetails":[],"failureMessages":[],"fullName":"OAuth flows (google/github) github: start -> callback issues cookies and redirects success","invocations":1,"location":null,"numPassingAsserts":6,"retryReasons":[],"startAt":1760788697379,"status":"passed","title":"github: start -> callback issues cookies and redirects success"}],"endTime":1760788697409,"message":"","name":"/Users/pheoniximac/FreeCodeCamp/build-consume-and-codument-a-rest-api/PetShelterRegistrySystem/backend/src/tests/auth.oauth.test.ts","startTime":1760788697006,"status":"passed","summary":""},{"assertionResults":[{"ancestorTitles":["Auth Session: refresh and logout"],"duration":76,"failing":false,"failureDetails":[],"failureMessages":[],"fullName":"Auth Session: refresh and logout refresh rotates refresh token and issues new access token","invocations":1,"location":null,"numPassingAsserts":8,"retryReasons":[],"startAt":1760788697728,"status":"passed","title":"refresh rotates refresh token and issues new access token"},{"ancestorTitles":["Auth Session: refresh and logout"],"duration":51,"failing":false,"failureDetails":[],"failureMessages":[],"fullName":"Auth Session: refresh and logout logout clears cookies and revokes token","invocations":1,"location":null,"numPassingAsserts":5,"retryReasons":[],"startAt":1760788697804,"status":"passed","title":"logout clears cookies and revokes token"}],"endTime":1760788697856,"message":"","name":"/Users/pheoniximac/FreeCodeCamp/build-consume-and-codument-a-rest-api/PetShelterRegistrySystem/backend/src/tests/auth.session.test.ts","startTime":1760788697418,"status":"passed","summary":""},{"assertionResults":[{"ancestorTitles":["pets"],"duration":14,"failing":false,"failureDetails":[],"failureMessages":[],"fullName":"pets GET /pets returns 200","invocations":1,"location":null,"numPassingAsserts":1,"retryReasons":[],"startAt":1760788698158,"status":"passed","title":"GET /pets returns 200"}],"endTime":1760788698172,"message":"","name":"/Users/pheoniximac/FreeCodeCamp/build-consume-and-codument-a-rest-api/PetShelterRegistrySystem/backend/src/tests/pets.test.ts","startTime":1760788697862,"status":"passed","summary":""},{"assertionResults":[{"ancestorTitles":["AuthService edge cases"],"duration":3,"failing":false,"failureDetails":[],"failureMessages":[],"fullName":"AuthService edge cases consumeVerificationToken sets consumedAt","invocations":1,"location":null,"numPassingAsserts":3,"retryReasons":[],"startAt":1760788698205,"status":"passed","title":"consumeVerificationToken sets consumedAt"},{"ancestorTitles":["AuthService edge cases"],"duration":8,"failing":false,"failureDetails":[],"failureMessages":[],"fullName":"AuthService edge cases revokeRefreshToken updates revokedAt and revokeAll updates multiple","invocations":1,"location":null,"numPassingAsserts":3,"retryReasons":[],"startAt":1760788698208,"status":"passed","title":"revokeRefreshToken updates revokedAt and revokeAll updates multiple"}],"endTime":1760788698216,"message":"","name":"/Users/pheoniximac/FreeCodeCamp/build-consume-and-codument-a-rest-api/PetShelterRegistrySystem/backend/src/tests/auth.service.edge.test.ts","startTime":1760788698177,"status":"passed","summary":""},{"assertionResults":[{"ancestorTitles":["RoleService"],"duration":2,"failing":false,"failureDetails":[],"failureMessages":[],"fullName":"RoleService listRoles","invocations":1,"location":null,"numPassingAsserts":2,"retryReasons":[],"startAt":1760788698247,"status":"passed","title":"listRoles"},{"ancestorTitles":["RoleService"],"duration":2,"failing":false,"failureDetails":[],"failureMessages":[],"fullName":"RoleService upsertRole and delete","invocations":1,"location":null,"numPassingAsserts":2,"retryReasons":[],"startAt":1760788698249,"status":"passed","title":"upsertRole and delete"},{"ancestorTitles":["RoleService"],"duration":1,"failing":false,"failureDetails":[],"failureMessages":[],"fullName":"RoleService permissions flow","invocations":1,"location":null,"numPassingAsserts":4,"retryReasons":[],"startAt":1760788698251,"status":"passed","title":"permissions flow"}],"endTime":1760788698253,"message":"","name":"/Users/pheoniximac/FreeCodeCamp/build-consume-and-codument-a-rest-api/PetShelterRegistrySystem/backend/src/tests/role.service.test.ts","startTime":1760788698222,"status":"passed","summary":""},{"assertionResults":[{"ancestorTitles":["AuthService (unit)"],"duration":4,"failing":false,"failureDetails":[],"failureMessages":[],"fullName":"AuthService (unit) create and find refresh token","invocations":1,"location":null,"numPassingAsserts":2,"retryReasons":[],"startAt":1760788698284,"status":"passed","title":"create and find refresh token"},{"ancestorTitles":["AuthService (unit)"],"duration":1,"failing":false,"failureDetails":[],"failureMessages":[],"fullName":"AuthService (unit) create and find verification token","invocations":1,"location":null,"numPassingAsserts":2,"retryReasons":[],"startAt":1760788698289,"status":"passed","title":"create and find verification token"},{"ancestorTitles":["AuthService (unit)"],"duration":2,"failing":false,"failureDetails":[],"failureMessages":[],"fullName":"AuthService (unit) consuming an already consumed verification token should update consumedAt","invocations":1,"location":null,"numPassingAsserts":3,"retryReasons":[],"startAt":1760788698290,"status":"passed","title":"consuming an already consumed verification token should update consumedAt"},{"ancestorTitles":["AuthService (unit)"],"duration":1,"failing":false,"failureDetails":[],"failureMessages":[],"fullName":"AuthService (unit) expired refresh token should still be found but indicate expiry via expiresAt","invocations":1,"location":null,"numPassingAsserts":2,"retryReasons":[],"startAt":1760788698292,"status":"passed","title":"expired refresh token should still be found but indicate expiry via expiresAt"},{"ancestorTitles":["AuthService (unit)"],"duration":2,"failing":false,"failureDetails":[],"failureMessages":[],"fullName":"AuthService (unit) revoking a refresh token sets revokedAt","invocations":1,"location":null,"numPassingAsserts":2,"retryReasons":[],"startAt":1760788698294,"status":"passed","title":"revoking a refresh token sets revokedAt"},{"ancestorTitles":["AuthService (unit)"],"duration":2,"failing":false,"failureDetails":[],"failureMessages":[],"fullName":"AuthService (unit) oauth account linking creates account when none exists","invocations":1,"location":null,"numPassingAsserts":2,"retryReasons":[],"startAt":1760788698296,"status":"passed","title":"oauth account linking creates account when none exists"}],"endTime":1760788698299,"message":"","name":"/Users/pheoniximac/FreeCodeCamp/build-consume-and-codument-a-rest-api/PetShelterRegistrySystem/backend/src/tests/auth.service.test.ts","startTime":1760788698257,"status":"passed","summary":""},{"assertionResults":[{"ancestorTitles":["UserService"],"duration":2,"failing":false,"failureDetails":[],"failureMessages":[],"fullName":"UserService searchUsers returns shaped data","invocations":1,"location":null,"numPassingAsserts":3,"retryReasons":[],"startAt":1760788698330,"status":"passed","title":"searchUsers returns shaped data"},{"ancestorTitles":["UserService"],"duration":2,"failing":false,"failureDetails":[],"failureMessages":[],"fullName":"UserService getUser returns null when not found","invocations":1,"location":null,"numPassingAsserts":1,"retryReasons":[],"startAt":1760788698332,"status":"passed","title":"getUser returns null when not found"},{"ancestorTitles":["UserService"],"duration":5,"failing":false,"failureDetails":[],"failureMessages":[],"fullName":"UserService assignRole and revokeRole behave as expected","invocations":1,"location":null,"numPassingAsserts":2,"retryReasons":[],"startAt":1760788698334,"status":"passed","title":"assignRole and revokeRole behave as expected"},{"ancestorTitles":["UserService"],"duration":1,"failing":false,"failureDetails":[],"failureMessages":[],"fullName":"UserService lockUser and unlockUser work","invocations":1,"location":null,"numPassingAsserts":2,"retryReasons":[],"startAt":1760788698339,"status":"passed","title":"lockUser and unlockUser work"}],"endTime":1760788698341,"message":"","name":"/Users/pheoniximac/FreeCodeCamp/build-consume-and-codument-a-rest-api/PetShelterRegistrySystem/backend/src/tests/user.service.test.ts","startTime":1760788698305,"status":"passed","summary":""},{"assertionResults":[{"ancestorTitles":["PetService (unit)"],"duration":1,"failing":false,"failureDetails":[],"failureMessages":[],"fullName":"PetService (unit) list returns array","invocations":1,"location":null,"numPassingAsserts":2,"retryReasons":[],"startAt":1760788698370,"status":"passed","title":"list returns array"},{"ancestorTitles":["PetService (unit)"],"duration":1,"failing":false,"failureDetails":[],"failureMessages":[],"fullName":"PetService (unit) create/get/update/delete flow","invocations":1,"location":null,"numPassingAsserts":5,"retryReasons":[],"startAt":1760788698372,"status":"passed","title":"create/get/update/delete flow"}],"endTime":1760788698374,"message":"","name":"/Users/pheoniximac/FreeCodeCamp/build-consume-and-codument-a-rest-api/PetShelterRegistrySystem/backend/src/tests/pet.service.test.ts","startTime":1760788698346,"status":"passed","summary":""}],"wasInterrupted":false}
