{"numFailedTestSuites":0,"numFailedTests":0,"numPassedTestSuites":1,"numPassedTests":2,"numPendingTestSuites":0,"numPendingTests":0,"numRuntimeErrorTestSuites":0,"numTodoTests":0,"numTotalTestSuites":1,"numTotalTests":2,"openHandles":[],"snapshot":{"added":0,"didUpdate":false,"failure":false,"filesAdded":0,"filesRemoved":0,"filesRemovedList":[],"filesUnmatched":0,"filesUpdated":0,"matched":0,"total":0,"unchecked":0,"uncheckedKeysByFile":[],"unmatched":0,"updated":0},"startTime":1763665299562,"success":true,"testResults":[{"assertionResults":[{"ancestorTitles":["Auth MFA flow"],"duration":91,"failing":false,"failureDetails":[],"failureMessages":[],"fullName":"Auth MFA flow responds with MFA challenge for enrolled users","invocations":1,"location":null,"numPassingAsserts":5,"retryReasons":[],"startAt":1763665369909,"status":"passed","title":"responds with MFA challenge for enrolled users"},{"ancestorTitles":["Auth MFA flow"],"duration":305,"failing":false,"failureDetails":[],"failureMessages":[],"fullName":"Auth MFA flow verifies MFA challenge and issues session cookies","invocations":1,"location":null,"numPassingAsserts":6,"retryReasons":[],"startAt":1763665370002,"status":"passed","title":"verifies MFA challenge and issues session cookies"}],"endTime":1763665370328,"message":"","name":"C:\\Users\\Public\\Documents\\Projects\\Incomplete\\repos\\clones\\PetShelterRegistrySystem\\backend\\src\\tests\\auth.mfa.test.ts","startTime":1763665305361,"status":"passed","summary":""}],"wasInterrupted":false}
